2026-04-02 12:30:14,055 - app - INFO - Запуск приложения File Organizer Pro
2026-04-02 12:39:47,105 - app - INFO - Запуск приложения File Organizer Pro
2026-04-02 12:40:22,282 - app - ERROR - Ошибка при организации всех файлов: Source directory не существует: \c\Users\admin\Downloads
2026-04-02 12:40:46,021 - app - ERROR - Ошибка при организации всех файлов: Source directory не существует: \c\Users\admin\Downloads
2026-04-02 12:44:39,732 - app - INFO - Запуск приложения File Organizer Pro
2026-04-02 12:46:47,790 - app - INFO - Запуск приложения File Organizer Pro
2026-04-02 12:47:51,162 - app - INFO - Организован файл: app.py - success
2026-04-02 12:47:51,165 - app - INFO - Организован файл: app_improved.py - success
2026-04-02 12:47:51,166 - app - INFO - Организован файл: desktop.ini - success
2026-04-02 12:47:51,171 - app - INFO - Организован файл: DISTRIBUTION_GUIDE.md - success
2026-04-02 12:47:51,176 - app - INFO - Организован файл: files.zip - success
2026-04-02 12:47:51,180 - app - INFO - Организован файл: SUMMARY.md - success
2026-04-03 07:50:51,279 - app - INFO - Запуск приложения File Organizer Pro
2026-04-03 08:14:32,890 - app - INFO - Запуск приложения File Organizer Pro
2026-04-03 08:17:08,844 - app - INFO - Запуск приложения File Organizer Pro
2026-04-04 07:42:34,945 - app - INFO - Запуск приложения File Organizer Pro
2026-04-04 07:45:16,937 - app - INFO - Запуск приложения File Organizer Pro
2026-04-04 07:47:42,785 - app - INFO - Запуск приложения File Organizer Pro
2026-04-04 07:49:56,935 - app - INFO - Запуск приложения File Organizer Pro
2026-04-04 08:04:14,817 - app - INFO - Запуск приложения File Organizer Pro
2026-04-04 08:07:43,925 - app - INFO - Запуск приложения File Organizer Pro
2026-04-04 08:08:16,304 - app - INFO - Запуск приложения File Organizer Pro
2026-04-04 08:08:31,383 - app - INFO - Запуск приложения File Organizer Pro
2026-04-04 08:12:05,386 - app - INFO - Запуск приложения File Organizer Pro
2026-04-05 07:11:10,359 - app - INFO - Запуск приложения File Organizer Pro
2026-04-05 07:22:47,064 - app - INFO - Запуск приложения File Organizer Pro
2026-04-05 07:26:48,464 - app - INFO - Запуск приложения File Organizer Pro
2026-04-05 10:05:21,821 - app - INFO - Запуск приложения File Organizer Pro
